[INFO  - 2016-10-30T21:25:48.081Z] GhostDriver - Main - running on port 9552
[INFO  - 2016-10-30T21:25:48.229Z] Session [6cda2b10-9ee7-11e6-88cc-371369f0343b] - page.settings - {"XSSAuditingEnabled":false,"javascriptCanCloseWindows":true,"javascriptCanOpenWindows":true,"javascriptEnabled":true,"loadImages":true,"localToRemoteUrlAccessEnabled":false,"userAgent":"Mozilla/5.0 (Macintosh; Intel Mac OS X) AppleWebKit/538.1 (KHTML, like Gecko) PhantomJS/2.1.1 Safari/538.1","webSecurityEnabled":true}
[INFO  - 2016-10-30T21:25:48.229Z] Session [6cda2b10-9ee7-11e6-88cc-371369f0343b] - page.customHeaders:  - {}
[INFO  - 2016-10-30T21:25:48.229Z] Session [6cda2b10-9ee7-11e6-88cc-371369f0343b] - Session.negotiatedCapabilities - {"browserName":"phantomjs","version":"2.1.1","driverName":"ghostdriver","driverVersion":"1.2.0","platform":"mac-unknown-64bit","javascriptEnabled":true,"takesScreenshot":true,"handlesAlerts":false,"databaseEnabled":false,"locationContextEnabled":false,"applicationCacheEnabled":false,"browserConnectionEnabled":false,"cssSelectorsEnabled":true,"webStorageEnabled":false,"rotatable":false,"acceptSslCerts":false,"nativeEvents":true,"proxy":{"proxyType":"direct"}}
[INFO  - 2016-10-30T21:25:48.229Z] SessionManagerReqHand - _postNewSessionCommand - New Session Created: 6cda2b10-9ee7-11e6-88cc-371369f0343b
[INFO  - 2016-10-30T21:25:49.841Z] ShutdownReqHand - _handle - About to shutdown
[INFO  - 2016-10-30T21:26:24.159Z] GhostDriver - Main - running on port 35555
[INFO  - 2016-10-30T21:26:24.305Z] Session [825ac6c0-9ee7-11e6-8657-831c7837569b] - page.settings - {"XSSAuditingEnabled":false,"javascriptCanCloseWindows":true,"javascriptCanOpenWindows":true,"javascriptEnabled":true,"loadImages":true,"localToRemoteUrlAccessEnabled":false,"userAgent":"Mozilla/5.0 (Macintosh; Intel Mac OS X) AppleWebKit/538.1 (KHTML, like Gecko) PhantomJS/2.1.1 Safari/538.1","webSecurityEnabled":true}
[INFO  - 2016-10-30T21:26:24.305Z] Session [825ac6c0-9ee7-11e6-8657-831c7837569b] - page.customHeaders:  - {}
[INFO  - 2016-10-30T21:26:24.306Z] Session [825ac6c0-9ee7-11e6-8657-831c7837569b] - Session.negotiatedCapabilities - {"browserName":"phantomjs","version":"2.1.1","driverName":"ghostdriver","driverVersion":"1.2.0","platform":"mac-unknown-64bit","javascriptEnabled":true,"takesScreenshot":true,"handlesAlerts":false,"databaseEnabled":false,"locationContextEnabled":false,"applicationCacheEnabled":false,"browserConnectionEnabled":false,"cssSelectorsEnabled":true,"webStorageEnabled":false,"rotatable":false,"acceptSslCerts":false,"nativeEvents":true,"proxy":{"proxyType":"direct"}}
[INFO  - 2016-10-30T21:26:24.306Z] SessionManagerReqHand - _postNewSessionCommand - New Session Created: 825ac6c0-9ee7-11e6-8657-831c7837569b
[INFO  - 2016-10-30T21:26:26.398Z] ShutdownReqHand - _handle - About to shutdown
[INFO  - 2016-10-30T21:27:06.211Z] GhostDriver - Main - running on port 44711
[INFO  - 2016-10-30T21:27:06.349Z] Session [9b6a0770-9ee7-11e6-9b3d-5914880b1c21] - page.settings - {"XSSAuditingEnabled":false,"javascriptCanCloseWindows":true,"javascriptCanOpenWindows":true,"javascriptEnabled":true,"loadImages":true,"localToRemoteUrlAccessEnabled":false,"userAgent":"Mozilla/5.0 (Macintosh; Intel Mac OS X) AppleWebKit/538.1 (KHTML, like Gecko) PhantomJS/2.1.1 Safari/538.1","webSecurityEnabled":true}
[INFO  - 2016-10-30T21:27:06.349Z] Session [9b6a0770-9ee7-11e6-9b3d-5914880b1c21] - page.customHeaders:  - {}
[INFO  - 2016-10-30T21:27:06.349Z] Session [9b6a0770-9ee7-11e6-9b3d-5914880b1c21] - Session.negotiatedCapabilities - {"browserName":"phantomjs","version":"2.1.1","driverName":"ghostdriver","driverVersion":"1.2.0","platform":"mac-unknown-64bit","javascriptEnabled":true,"takesScreenshot":true,"handlesAlerts":false,"databaseEnabled":false,"locationContextEnabled":false,"applicationCacheEnabled":false,"browserConnectionEnabled":false,"cssSelectorsEnabled":true,"webStorageEnabled":false,"rotatable":false,"acceptSslCerts":false,"nativeEvents":true,"proxy":{"proxyType":"direct"}}
[INFO  - 2016-10-30T21:27:06.349Z] SessionManagerReqHand - _postNewSessionCommand - New Session Created: 9b6a0770-9ee7-11e6-9b3d-5914880b1c21
[INFO  - 2016-10-30T21:27:08.771Z] ShutdownReqHand - _handle - About to shutdown
[INFO  - 2016-10-30T21:27:49.652Z] GhostDriver - Main - running on port 6430
[INFO  - 2016-10-30T21:27:49.774Z] Session [b54c4f90-9ee7-11e6-9901-7fd4cd20f8da] - page.settings - {"XSSAuditingEnabled":false,"javascriptCanCloseWindows":true,"javascriptCanOpenWindows":true,"javascriptEnabled":true,"loadImages":true,"localToRemoteUrlAccessEnabled":false,"userAgent":"Mozilla/5.0 (Macintosh; Intel Mac OS X) AppleWebKit/538.1 (KHTML, like Gecko) PhantomJS/2.1.1 Safari/538.1","webSecurityEnabled":true}
[INFO  - 2016-10-30T21:27:49.774Z] Session [b54c4f90-9ee7-11e6-9901-7fd4cd20f8da] - page.customHeaders:  - {}
[INFO  - 2016-10-30T21:27:49.774Z] Session [b54c4f90-9ee7-11e6-9901-7fd4cd20f8da] - Session.negotiatedCapabilities - {"browserName":"phantomjs","version":"2.1.1","driverName":"ghostdriver","driverVersion":"1.2.0","platform":"mac-unknown-64bit","javascriptEnabled":true,"takesScreenshot":true,"handlesAlerts":false,"databaseEnabled":false,"locationContextEnabled":false,"applicationCacheEnabled":false,"browserConnectionEnabled":false,"cssSelectorsEnabled":true,"webStorageEnabled":false,"rotatable":false,"acceptSslCerts":false,"nativeEvents":true,"proxy":{"proxyType":"direct"}}
[INFO  - 2016-10-30T21:27:49.774Z] SessionManagerReqHand - _postNewSessionCommand - New Session Created: b54c4f90-9ee7-11e6-9901-7fd4cd20f8da
[INFO  - 2016-10-30T21:27:52.404Z] ShutdownReqHand - _handle - About to shutdown
[INFO  - 2016-10-30T21:29:25.231Z] GhostDriver - Main - running on port 16567
[INFO  - 2016-10-30T21:29:25.368Z] Session [ee467e10-9ee7-11e6-80bc-255b1101a3b4] - page.settings - {"XSSAuditingEnabled":false,"javascriptCanCloseWindows":true,"javascriptCanOpenWindows":true,"javascriptEnabled":true,"loadImages":true,"localToRemoteUrlAccessEnabled":false,"userAgent":"Mozilla/5.0 (Macintosh; Intel Mac OS X) AppleWebKit/538.1 (KHTML, like Gecko) PhantomJS/2.1.1 Safari/538.1","webSecurityEnabled":true}
[INFO  - 2016-10-30T21:29:25.368Z] Session [ee467e10-9ee7-11e6-80bc-255b1101a3b4] - page.customHeaders:  - {}
[INFO  - 2016-10-30T21:29:25.368Z] Session [ee467e10-9ee7-11e6-80bc-255b1101a3b4] - Session.negotiatedCapabilities - {"browserName":"phantomjs","version":"2.1.1","driverName":"ghostdriver","driverVersion":"1.2.0","platform":"mac-unknown-64bit","javascriptEnabled":true,"takesScreenshot":true,"handlesAlerts":false,"databaseEnabled":false,"locationContextEnabled":false,"applicationCacheEnabled":false,"browserConnectionEnabled":false,"cssSelectorsEnabled":true,"webStorageEnabled":false,"rotatable":false,"acceptSslCerts":false,"nativeEvents":true,"proxy":{"proxyType":"direct"}}
[INFO  - 2016-10-30T21:29:25.368Z] SessionManagerReqHand - _postNewSessionCommand - New Session Created: ee467e10-9ee7-11e6-80bc-255b1101a3b4
[INFO  - 2016-10-30T21:29:27.722Z] ShutdownReqHand - _handle - About to shutdown
[INFO  - 2016-10-30T21:30:24.084Z] GhostDriver - Main - running on port 42140
[INFO  - 2016-10-30T21:30:24.219Z] Session [115abf60-9ee8-11e6-9bf4-ed7d02eeaa8e] - page.settings - {"XSSAuditingEnabled":false,"javascriptCanCloseWindows":true,"javascriptCanOpenWindows":true,"javascriptEnabled":true,"loadImages":true,"localToRemoteUrlAccessEnabled":false,"userAgent":"Mozilla/5.0 (Macintosh; Intel Mac OS X) AppleWebKit/538.1 (KHTML, like Gecko) PhantomJS/2.1.1 Safari/538.1","webSecurityEnabled":true}
[INFO  - 2016-10-30T21:30:24.219Z] Session [115abf60-9ee8-11e6-9bf4-ed7d02eeaa8e] - page.customHeaders:  - {}
[INFO  - 2016-10-30T21:30:24.220Z] Session [115abf60-9ee8-11e6-9bf4-ed7d02eeaa8e] - Session.negotiatedCapabilities - {"browserName":"phantomjs","version":"2.1.1","driverName":"ghostdriver","driverVersion":"1.2.0","platform":"mac-unknown-64bit","javascriptEnabled":true,"takesScreenshot":true,"handlesAlerts":false,"databaseEnabled":false,"locationContextEnabled":false,"applicationCacheEnabled":false,"browserConnectionEnabled":false,"cssSelectorsEnabled":true,"webStorageEnabled":false,"rotatable":false,"acceptSslCerts":false,"nativeEvents":true,"proxy":{"proxyType":"direct"}}
[INFO  - 2016-10-30T21:30:24.220Z] SessionManagerReqHand - _postNewSessionCommand - New Session Created: 115abf60-9ee8-11e6-9bf4-ed7d02eeaa8e
[INFO  - 2016-10-30T21:30:26.554Z] ShutdownReqHand - _handle - About to shutdown
[INFO  - 2016-10-30T21:31:51.095Z] GhostDriver - Main - running on port 13465
[INFO  - 2016-10-30T21:31:51.214Z] Session [4534fa80-9ee8-11e6-a102-b329daeea869] - page.settings - {"XSSAuditingEnabled":false,"javascriptCanCloseWindows":true,"javascriptCanOpenWindows":true,"javascriptEnabled":true,"loadImages":true,"localToRemoteUrlAccessEnabled":false,"userAgent":"Mozilla/5.0 (Macintosh; Intel Mac OS X) AppleWebKit/538.1 (KHTML, like Gecko) PhantomJS/2.1.1 Safari/538.1","webSecurityEnabled":true}
[INFO  - 2016-10-30T21:31:51.214Z] Session [4534fa80-9ee8-11e6-a102-b329daeea869] - page.customHeaders:  - {}
[INFO  - 2016-10-30T21:31:51.214Z] Session [4534fa80-9ee8-11e6-a102-b329daeea869] - Session.negotiatedCapabilities - {"browserName":"phantomjs","version":"2.1.1","driverName":"ghostdriver","driverVersion":"1.2.0","platform":"mac-unknown-64bit","javascriptEnabled":true,"takesScreenshot":true,"handlesAlerts":false,"databaseEnabled":false,"locationContextEnabled":false,"applicationCacheEnabled":false,"browserConnectionEnabled":false,"cssSelectorsEnabled":true,"webStorageEnabled":false,"rotatable":false,"acceptSslCerts":false,"nativeEvents":true,"proxy":{"proxyType":"direct"}}
[INFO  - 2016-10-30T21:31:51.214Z] SessionManagerReqHand - _postNewSessionCommand - New Session Created: 4534fa80-9ee8-11e6-a102-b329daeea869
[INFO  - 2016-10-30T21:31:53.381Z] ShutdownReqHand - _handle - About to shutdown
[INFO  - 2016-10-30T21:46:54.119Z] GhostDriver - Main - running on port 28175
[INFO  - 2016-10-30T21:46:54.214Z] Session [5f6fff10-9eea-11e6-b9bc-59fd5115d329] - page.settings - {"XSSAuditingEnabled":false,"javascriptCanCloseWindows":true,"javascriptCanOpenWindows":true,"javascriptEnabled":true,"loadImages":true,"localToRemoteUrlAccessEnabled":false,"userAgent":"Mozilla/5.0 (Macintosh; Intel Mac OS X) AppleWebKit/538.1 (KHTML, like Gecko) PhantomJS/2.1.1 Safari/538.1","webSecurityEnabled":true}
[INFO  - 2016-10-30T21:46:54.214Z] Session [5f6fff10-9eea-11e6-b9bc-59fd5115d329] - page.customHeaders:  - {}
[INFO  - 2016-10-30T21:46:54.214Z] Session [5f6fff10-9eea-11e6-b9bc-59fd5115d329] - Session.negotiatedCapabilities - {"browserName":"phantomjs","version":"2.1.1","driverName":"ghostdriver","driverVersion":"1.2.0","platform":"mac-unknown-64bit","javascriptEnabled":true,"takesScreenshot":true,"handlesAlerts":false,"databaseEnabled":false,"locationContextEnabled":false,"applicationCacheEnabled":false,"browserConnectionEnabled":false,"cssSelectorsEnabled":true,"webStorageEnabled":false,"rotatable":false,"acceptSslCerts":false,"nativeEvents":true,"proxy":{"proxyType":"direct"}}
[INFO  - 2016-10-30T21:46:54.214Z] SessionManagerReqHand - _postNewSessionCommand - New Session Created: 5f6fff10-9eea-11e6-b9bc-59fd5115d329
[INFO  - 2016-10-30T21:46:55.968Z] ShutdownReqHand - _handle - About to shutdown
[INFO  - 2016-10-30T21:59:45.487Z] GhostDriver - Main - running on port 32912
[INFO  - 2016-10-30T21:59:45.582Z] Session [2b3590a0-9eec-11e6-b082-dff3c7f208b0] - page.settings - {"XSSAuditingEnabled":false,"javascriptCanCloseWindows":true,"javascriptCanOpenWindows":true,"javascriptEnabled":true,"loadImages":true,"localToRemoteUrlAccessEnabled":false,"userAgent":"Mozilla/5.0 (Macintosh; Intel Mac OS X) AppleWebKit/538.1 (KHTML, like Gecko) PhantomJS/2.1.1 Safari/538.1","webSecurityEnabled":true}
[INFO  - 2016-10-30T21:59:45.582Z] Session [2b3590a0-9eec-11e6-b082-dff3c7f208b0] - page.customHeaders:  - {}
[INFO  - 2016-10-30T21:59:45.582Z] Session [2b3590a0-9eec-11e6-b082-dff3c7f208b0] - Session.negotiatedCapabilities - {"browserName":"phantomjs","version":"2.1.1","driverName":"ghostdriver","driverVersion":"1.2.0","platform":"mac-unknown-64bit","javascriptEnabled":true,"takesScreenshot":true,"handlesAlerts":false,"databaseEnabled":false,"locationContextEnabled":false,"applicationCacheEnabled":false,"browserConnectionEnabled":false,"cssSelectorsEnabled":true,"webStorageEnabled":false,"rotatable":false,"acceptSslCerts":false,"nativeEvents":true,"proxy":{"proxyType":"direct"}}
[INFO  - 2016-10-30T21:59:45.582Z] SessionManagerReqHand - _postNewSessionCommand - New Session Created: 2b3590a0-9eec-11e6-b082-dff3c7f208b0
[INFO  - 2016-10-30T21:59:47.293Z] ShutdownReqHand - _handle - About to shutdown
